<?xml version="1.0" encoding="utf-8"?><testsuites name="pytest tests"><testsuite name="pytest" errors="0" failures="0" skipped="0" tests="178" time="636.780" timestamp="2025-08-09T18:57:48.359734-05:00" hostname="ALL2022"><testcase classname="tests.idea_generator.test_generator" name="test_generate_success" time="0.282" /><testcase classname="tests.idea_generator.test_generator" name="test_generate_rate_limit" time="10.012" /><testcase classname="tests.idea_generator.test_generator" name="test_generate_invalid_num_ideas" time="15.105" /><testcase classname="tests.idea_generator.test_generator" name="test_generate_api_error" time="8.537" /><testcase classname="tests.idea_generator.test_generator" name="test_rate_limit_cleanup" time="0.350" /><testcase classname="tests.idea_generator.test_processors" name="test_generate_unique_name_suffix" time="0.001" /><testcase classname="tests.idea_generator.test_processors" name="test_parse_ideas_with_unique_names" time="0.001" /><testcase classname="tests.test_caching" name="test_fakeredis_basic" time="0.000" /><testcase classname="tests.test_caching" name="test_ttl_cache_fallback" time="531.109" /><testcase classname="tests.test_caching" name="test_cache_error_handling" time="0.006" /><testcase classname="tests.test_caching" name="test_concurrent_access" time="0.105" /><testcase classname="tests.test_cli" name="test_generate_command_success" time="1.771" /><testcase classname="tests.test_cli" name="test_generate_command_no_market" time="1.130" /><testcase classname="tests.test_cli" name="test_generate_command_no_token" time="0.004" /><testcase classname="tests.test_cli" name="test_analyze_command_success" time="0.005" /><testcase classname="tests.test_cli" name="test_clear_command_success" time="0.002" /><testcase classname="tests.test_cli" name="test_clear_command_error" time="0.002" /><testcase classname="tests.test_cli" name="test_invalid_num_ideas" time="0.003" /><testcase classname="tests.test_cli" name="test_missing_startup_file" time="0.003" /><testcase classname="tests.test_cli_integration.TestCLIIntegration" name="test_cli_with_smart_model_management" time="0.005" /><testcase classname="tests.test_cli_integration.TestCLIIntegration" name="test_cli_model_fallback_scenario" time="0.005" /><testcase classname="tests.test_cli_integration.TestCLIIntegration" name="test_cli_invalid_startup_file" time="0.002" /><testcase classname="tests.test_cli_integration.TestCLIIntegration" name="test_cli_invalid_num_ideas" time="0.002" /><testcase classname="tests.test_cli_integration.TestCLIIntegration" name="test_cli_missing_token" time="0.002" /><testcase classname="tests.test_cli_integration.TestModelServiceIntegration" name="test_model_service_initialization" time="0.002" /><testcase classname="tests.test_cli_integration.TestModelServiceIntegration" name="test_get_language_model_with_smart_selection" time="0.001" /><testcase classname="tests.test_cli_integration.TestModelServiceIntegration" name="test_get_language_model_with_smart_selection_disabled" time="0.001" /><testcase classname="tests.test_cli_integration.TestModelServiceIntegration" name="test_model_health_check" time="0.001" /><testcase classname="tests.test_config_validation.TestConfigurationValidation" name="test_environment_variable_handling" time="0.001" /><testcase classname="tests.test_config_validation.TestConfigurationValidation" name="test_configuration_edge_cases" time="0.001" /><testcase classname="tests.test_config_validation.TestConfigurationValidation" name="test_startup_idea_generator_config" time="0.570" /><testcase classname="tests.test_config_validation.TestConfigurationValidation" name="test_missing_token_in_generator" time="0.001" /><testcase classname="tests.test_config_validation.TestConfigurationValidation" name="test_config_defaults" time="0.257" /><testcase classname="tests.test_config_validation.TestConfigurationValidation" name="test_rate_limiting_config" time="0.533" /><testcase classname="tests.test_config_validation.TestConfigurationValidation" name="test_client_initialization" time="0.001" /><testcase classname="tests.test_config_validation.TestConfigurationValidation" name="test_langchain_config_variables" time="0.258" /><testcase classname="tests.test_config_validation.TestConfigurationValidation" name="test_config_file_paths" time="0.001" /><testcase classname="tests.test_config_validation.TestConfigurationValidation" name="test_model_configuration_validation" time="0.650" /><testcase classname="tests.test_config_validation.TestConfigurationValidation" name="test_temperature_and_generation_params" time="0.359" /><testcase classname="tests.test_convert_yc_data" name="test_clean_description" time="0.000" /><testcase classname="tests.test_convert_yc_data" name="test_convert_csv_to_json" time="0.001" /><testcase classname="tests.test_convert_yc_data" name="test_missing_file" time="0.000" /><testcase classname="tests.test_convert_yc_data" name="test_empty_csv" time="0.001" /><testcase classname="tests.test_convert_yc_data" name="test_malformed_csv" time="0.001" /><testcase classname="tests.test_data_loader" name="test_load_data_success" time="0.003" /><testcase classname="tests.test_data_loader" name="test_load_data_with_limit" time="0.002" /><testcase classname="tests.test_data_loader" name="test_load_data_file_not_found" time="0.000" /><testcase classname="tests.test_data_loader" name="test_load_data_invalid_json" time="0.001" /><testcase classname="tests.test_dependency_patterns.TestDependencyPatterns" name="test_startup_lookup_creation_patterns" time="0.000" /><testcase classname="tests.test_dependency_patterns.TestDependencyPatterns" name="test_global_state_isolation" time="1.827" /><testcase classname="tests.test_dependency_patterns.TestDependencyPatterns" name="test_dependency_injection_simulation" time="0.001" /><testcase classname="tests.test_dependency_patterns.TestDependencyPatterns" name="test_data_loader_dependency_patterns" time="0.004" /><testcase classname="tests.test_dependency_patterns.TestDependencyPatterns" name="test_component_isolation" time="0.000" /><testcase classname="tests.test_dependency_patterns.TestDependencyPatterns" name="test_mock_injection_patterns" time="0.001" /><testcase classname="tests.test_dependency_patterns.TestDependencyPatterns" name="test_configuration_dependency_patterns" time="0.000" /><testcase classname="tests.test_dependency_patterns.TestDependencyPatterns" name="test_service_layer_preparation" time="0.000" /><testcase classname="tests.test_dependency_patterns.TestDependencyPatterns" name="test_factory_pattern_preparation" time="0.000" /><testcase classname="tests.test_dependency_patterns.TestDependencyPatterns" name="test_global_state_mocking" time="0.001" /><testcase classname="tests.test_docker_fixes.TestHuggingFaceClientInitialization" name="test_remote_model_initialization_with_token" time="0.260" /><testcase classname="tests.test_docker_fixes.TestHuggingFaceClientInitialization" name="test_remote_model_initialization_without_token_raises_error" time="0.001" /><testcase classname="tests.test_docker_fixes.TestHuggingFaceClientInitialization" name="test_local_model_initialization" time="0.303" /><testcase classname="tests.test_docker_fixes.TestHuggingFaceClientInitialization" name="test_auto_detect_local_model_from_name" time="0.262" /><testcase classname="tests.test_docker_fixes.TestLocalModelGeneration" name="test_generate_local_with_transformers" time="0.265" /><testcase classname="tests.test_docker_fixes.TestLocalModelGeneration" name="test_generate_local_raises_on_error" time="0.264" /><testcase classname="tests.test_docker_fixes.TestLocalModelGeneration" name="test_mock_structured_response_format" time="0.462" /><testcase classname="tests.test_docker_fixes.TestLocalModelGeneration" name="test_mock_response_topic_detection" time="0.272" /><testcase classname="tests.test_docker_fixes.TestResponseParsing" name="test_parse_ideas_with_valid_structured_response" time="0.001" /><testcase classname="tests.test_docker_fixes.TestResponseParsing" name="test_parse_ideas_with_empty_response" time="0.000" /><testcase classname="tests.test_docker_fixes.TestResponseParsing" name="test_parse_ideas_with_malformed_response" time="0.000" /><testcase classname="tests.test_docker_fixes.TestResponseParsing" name="test_parse_ideas_with_missing_required_fields" time="0.000" /><testcase classname="tests.test_docker_fixes.TestNumpyCompatibility" name="test_sentence_transformer_import" time="0.000" /><testcase classname="tests.test_docker_fixes.TestNumpyCompatibility" name="test_embedding_generation_basic" time="0.761" /><testcase classname="tests.test_docker_fixes.TestGeneratorIntegration" name="test_generate_raises_when_local_model_unavailable" time="10.188" /><testcase classname="tests.test_docker_fixes.TestGeneratorIntegration" name="test_generate_handles_parsing_errors_gracefully" time="0.282" /><testcase classname="tests.test_enhanced_config.TestRAGSettings" name="test_default_settings" time="0.002" /><testcase classname="tests.test_enhanced_config.TestRAGSettings" name="test_environment_variables_override" time="0.002" /><testcase classname="tests.test_enhanced_config.TestRAGSettings" name="test_validation_chunk_overlap_less_than_size" time="0.002" /><testcase classname="tests.test_enhanced_config.TestRAGSettings" name="test_validation_chunk_size_range" time="0.003" /><testcase classname="tests.test_enhanced_config.TestRAGSettings" name="test_validation_retriever_top_k_range" time="0.003" /><testcase classname="tests.test_enhanced_config.TestRAGSettings" name="test_validation_search_type_enum" time="0.003" /><testcase classname="tests.test_enhanced_config.TestRAGSettings" name="test_missing_required_token" time="0.002" /><testcase classname="tests.test_enhanced_config.TestRAGSettings" name="test_property_methods" time="0.002" /><testcase classname="tests.test_enhanced_config.TestRAGSettings" name="test_langchain_config_property" time="0.002" /><testcase classname="tests.test_enhanced_config.TestRAGSettings" name="test_prompt_template_by_environment" time="0.003" /><testcase classname="tests.test_enhanced_config.TestConfigurationSingleton" name="test_get_settings_singleton" time="0.001" /><testcase classname="tests.test_enhanced_config.TestConfigurationSingleton" name="test_reload_settings" time="0.003" /><testcase classname="tests.test_enhanced_config.TestConfigurationValidator" name="test_validator_initialization" time="0.000" /><testcase classname="tests.test_enhanced_config.TestConfigurationValidator" name="test_validate_environment_success" time="0.002" /><testcase classname="tests.test_enhanced_config.TestConfigurationValidator" name="test_validate_environment_missing_token" time="0.001" /><testcase classname="tests.test_enhanced_config.TestConfigurationValidator" name="test_generate_env_template" time="0.001" /><testcase classname="tests.test_enhanced_config.TestConfigurationMigrator" name="test_migrator_initialization" time="0.001" /><testcase classname="tests.test_enhanced_config.TestConfigurationMigrator" name="test_detect_old_config_missing" time="0.001" /><testcase classname="tests.test_enhanced_config.TestConfigurationMigrator" name="test_detect_old_config_present" time="0.001" /><testcase classname="tests.test_enhanced_config.TestConfigurationMigrator" name="test_generate_migration_env" time="0.001" /><testcase classname="tests.test_enhanced_config.TestBackwardCompatibility" name="test_convenience_functions" time="0.002" /><testcase classname="tests.test_extraction" name="test_format_startup_idea_structure" time="0.229" /><testcase classname="tests.test_generator" name="test_generator_initialization" time="0.255" /><testcase classname="tests.test_generator" name="test_generator_initialization_no_token" time="0.001" /><testcase classname="tests.test_generator" name="test_rate_limit_check" time="0.259" /><testcase classname="tests.test_generator" name="test_generate_basic" time="0.253" /><testcase classname="tests.test_generator" name="test_generate_with_market_analysis" time="0.471" /><testcase classname="tests.test_generator" name="test_invalid_num_ideas" time="15.513" /><testcase classname="tests.test_generator" name="test_rate_limit_error" time="6.736" /><testcase classname="tests.test_generator" name="test_market_analysis_error_handling" time="0.262" /><testcase classname="tests.test_gpu_fallback" name="test_gpu_fallback" time="0.001" /><testcase classname="tests.test_market_analysis" name="test_market_segment_detection" time="0.001" /><testcase classname="tests.test_market_analysis" name="test_market_size_estimation" time="0.002" /><testcase classname="tests.test_market_analysis" name="test_world_bank_integration" time="0.001" /><testcase classname="tests.test_market_analysis" name="test_bls_integration" time="0.001" /><testcase classname="tests.test_market_analysis" name="test_combined_analysis" time="0.002" /><testcase classname="tests.test_market_analysis" name="test_cache_functionality" time="0.001" /><testcase classname="tests.test_market_analysis" name="test_error_handling" time="0.457" /><testcase classname="tests.test_market_analysis" name="test_industry_code_detection" time="1.004" /><testcase classname="tests.test_market_analysis" name="test_industry_code_detection_multi" time="0.388" /><testcase classname="tests.test_market_analysis" name="test_multi_industry_detection" time="0.470" /><testcase classname="tests.test_market_analysis" name="test_market_relationship_calculation" time="0.313" /><testcase classname="tests.test_market_analysis" name="test_get_industry_analysis_multi" time="0.405" /><testcase classname="tests.test_market_analyzer" name="test_market_analyzer_initialization" time="0.253" /><testcase classname="tests.test_market_analyzer" name="test_analyze_startup_idea" time="0.001" /><testcase classname="tests.test_market_analyzer" name="test_opportunity_score_calculation" time="0.254" /><testcase classname="tests.test_market_analyzer" name="test_competition_assessment" time="0.421" /><testcase classname="tests.test_market_analyzer" name="test_error_handling" time="0.261" /><testcase classname="tests.test_model_integration.TestModelManagerIntegration" name="test_model_health_check_404_scenario" time="0.001" /><testcase classname="tests.test_model_integration.TestModelManagerIntegration" name="test_model_health_check_401_scenario" time="0.001" /><testcase classname="tests.test_model_integration.TestModelManagerIntegration" name="test_get_best_model_with_migration_fallback" time="0.080" /><testcase classname="tests.test_model_integration.TestModelManagerIntegration" name="test_model_migration_suggestion" time="0.001" /><testcase classname="tests.test_model_integration.TestModelManagerIntegration" name="test_model_caching_behavior" time="0.001" /><testcase classname="tests.test_model_integration.TestModelMigrationIntegration" name="test_mistral_v2_to_v3_migration" time="0.000" /><testcase classname="tests.test_model_integration.TestModelMigrationIntegration" name="test_pattern_based_migration_suggestions" time="0.000" /><testcase classname="tests.test_model_integration.TestModelMigrationIntegration" name="test_no_migration_for_stable_models" time="0.000" /><testcase classname="tests.test_model_integration.TestModelMigrationIntegration" name="test_deprecation_detection" time="0.000" /><testcase classname="tests.test_model_integration.TestStartupIdeaGeneratorIntegration" name="test_generator_with_local_model_detection" time="0.790" /><testcase classname="tests.test_model_integration.TestStartupIdeaGeneratorIntegration" name="test_generator_token_validation_for_remote_models" time="0.580" /><testcase classname="tests.test_model_integration.TestStartupIdeaGeneratorIntegration" name="test_generator_model_name_update" time="0.315" /><testcase classname="tests.test_model_integration.TestStartupIdeaGeneratorIntegration" name="test_generator_api_error_handling" time="0.257" /><testcase classname="tests.test_model_integration.TestEndToEndIntegration" name="test_complete_workflow_with_model_fallback" time="0.001" /><testcase classname="tests.test_model_integration.TestEndToEndIntegration" name="test_performance_test_integration" time="0.001" /><testcase classname="tests.test_model_integration.TestEndToEndIntegration" name="test_model_migration_end_to_end" time="0.001" /><testcase classname="tests.test_performance.TestPerformanceBaselines" name="test_config_loading_performance" time="1.230" /><testcase classname="tests.test_performance.TestPerformanceBaselines" name="test_import_performance" time="1.102" /><testcase classname="tests.test_performance.TestPerformanceRegression" name="test_config_validation_performance" time="1.025" /><testcase classname="tests.test_performance.TestPerformanceRegression" name="test_repeated_config_access_performance" time="0.894" /><testcase classname="tests.test_performance_scenarios.TestPerformanceScenarios" name="test_data_loading_performance" time="0.004" /><testcase classname="tests.test_performance_scenarios.TestPerformanceScenarios" name="test_startup_lookup_initialization_performance" time="0.001" /><testcase classname="tests.test_performance_scenarios.TestPerformanceScenarios" name="test_rag_initialization_mocked" time="0.003" /><testcase classname="tests.test_performance_scenarios.TestPerformanceScenarios" name="test_model_service_performance" time="0.001" /><testcase classname="tests.test_performance_scenarios.TestPerformanceScenarios" name="test_idea_formatting_performance" time="0.001" /><testcase classname="tests.test_performance_scenarios.TestPerformanceScenarios" name="test_large_dataset_simulation" time="0.005" /><testcase classname="tests.test_performance_scenarios.TestPerformanceScenarios" name="test_error_handling_in_performance_scenarios" time="0.000" /><testcase classname="tests.test_performance_scenarios.TestPerformanceScenarios" name="test_memory_usage_simulation" time="0.001" /><testcase classname="tests.test_performance_scenarios.TestPerformanceScenarios" name="test_configuration_performance" time="0.001" /><testcase classname="tests.test_performance_scenarios.TestPerformanceScenarios" name="test_concurrent_access_simulation" time="0.000" /><testcase classname="tests.test_performance_scenarios.TestPerformanceEdgeCases" name="test_empty_dataset_handling" time="0.001" /><testcase classname="tests.test_performance_scenarios.TestPerformanceEdgeCases" name="test_very_large_descriptions" time="0.001" /><testcase classname="tests.test_performance_scenarios.TestPerformanceEdgeCases" name="test_unicode_handling_performance" time="0.001" /><testcase classname="tests.test_quickstart" name="test_quickstart_creates_env_file" time="0.009" /><testcase classname="tests.test_rag_chain" name="test_create_and_split_document" time="0.001" /><testcase classname="tests.test_rag_chain" name="test_embed" time="1.019" /><testcase classname="tests.test_rag_chain" name="test_setup_retriever" time="0.857" /><testcase classname="tests.test_rag_chain" name="test_rag_chain_local" time="1.372" /><testcase classname="tests.test_rag_chain" name="test_rag_chain_with_lookup" time="1.465" /><testcase classname="tests.test_rag_chain" name="test_format_startup_idea_with_lookup" time="0.872" /><testcase classname="tests.test_rag_chain" name="test_text_only_embeddings" time="0.891" /><testcase classname="tests.test_rag_chain" name="test_rag_with_generator" time="1.216" /><testcase classname="tests.test_rag_integration.TestRAGIntegration" name="test_end_to_end_idea_generation" time="0.931" /><testcase classname="tests.test_rag_integration.TestRAGIntegration" name="test_rag_chain_with_different_inputs" time="1.531" /><testcase classname="tests.test_rag_integration.TestRAGIntegration" name="test_error_handling_in_rag_pipeline" time="0.027" /><testcase classname="tests.test_rag_integration.TestRAGIntegration" name="test_global_state_behavior" time="0.967" /><testcase classname="tests.test_rag_integration.TestRAGIntegration" name="test_startup_lookup_isolation" time="0.001" /><testcase classname="tests.test_rag_integration.TestRAGIntegration" name="test_dependency_injection_preparation" time="0.047" /><testcase classname="tests.test_real_data" name="test_basic_lookup" time="0.003" /><testcase classname="tests.test_real_data" name="test_edge_cases" time="0.002" /><testcase classname="tests.test_real_data" name="test_random_samples" time="0.002" /><testcase classname="tests.test_real_data" name="test_error_handling" time="0.003" /><testcase classname="tests.test_startup_metadata" name="test_startup_lookup_initialization" time="0.002" /><testcase classname="tests.test_startup_metadata" name="test_get_by_name" time="0.001" /><testcase classname="tests.test_startup_metadata" name="test_get_by_description" time="0.001" /><testcase classname="tests.test_startup_metadata" name="test_get_all_names" time="0.001" /></testsuite></testsuites>
